2023-08-06 08:54:17.662426 - Initialized conversion of CBT989
2023-08-06 08:54:18.149160 - Received CBT.V505.FILE989.PDS from FILE989.XMI 
2023-08-06 08:54:18.151574 - Found $$$#DATE.txt (text/plain) in CBT.V505.FILE989.PDS, moved to PDS/$$$#DATE
2023-08-06 08:54:18.152581 - Found $DOC.txt (text/plain) in CBT.V505.FILE989.PDS, moved to PDS/$DOC
2023-08-06 08:54:18.153742 - Found @FILE989.txt (text/plain) in CBT.V505.FILE989.PDS, moved to PDS/@FILE989
2023-08-06 08:54:18.155718 - De-xmi-ed FINDMEMP to CBT989/docs/FINDMEMP.pdf
2023-08-06 08:54:18.156698 - Found JOBDBCR.jcl (text/plain) in CBT.V505.FILE989.PDS, moved to PDS/JOBDBCR
2023-08-06 08:54:18.157624 - Found JOBDBMN1.jcl (text/plain) in CBT.V505.FILE989.PDS, moved to PDS/JOBDBMN1
2023-08-06 08:54:18.158459 - Found JOBDBMN2.jcl (text/plain) in CBT.V505.FILE989.PDS, moved to PDS/JOBDBMN2
2023-08-06 08:54:18.159300 - Found JOBDBMN3.jcl (text/plain) in CBT.V505.FILE989.PDS, moved to PDS/JOBDBMN3
2023-08-06 08:54:18.160122 - Found JOBDBREO.jcl (text/plain) in CBT.V505.FILE989.PDS, moved to PDS/JOBDBREO
2023-08-06 08:54:18.160963 - Found JOBDBRLD.jcl (text/plain) in CBT.V505.FILE989.PDS, moved to PDS/JOBDBRLD
2023-08-06 08:54:18.161997 - Found JOBDBUNL.jcl (text/plain) in CBT.V505.FILE989.PDS, moved to PDS/JOBDBUNL
2023-08-06 08:54:18.162817 - Found JOBDBUPD.jcl (text/plain) in CBT.V505.FILE989.PDS, moved to PDS/JOBDBUPD
2023-08-06 08:54:18.163613 - Found JOBMAINT.jcl (text/plain) in CBT.V505.FILE989.PDS, moved to PDS/JOBMAINT
2023-08-06 08:54:18.164402 - Found JOBMIGR.jcl (text/plain) in CBT.V505.FILE989.PDS, moved to PDS/JOBMIGR
2023-08-06 08:54:18.165230 - Found JOBPRMCR.jcl (text/plain) in CBT.V505.FILE989.PDS, moved to PDS/JOBPRMCR
2023-08-06 08:54:18.166069 - Found JOBUPDDL.jcl (text/plain) in CBT.V505.FILE989.PDS, moved to PDS/JOBUPDDL
2023-08-06 08:54:18.166894 - Found JOBUPDSH.jcl (text/plain) in CBT.V505.FILE989.PDS, moved to PDS/JOBUPDSH
2023-08-06 08:54:18.167715 - Found JOBUPDSL.jcl (text/plain) in CBT.V505.FILE989.PDS, moved to PDS/JOBUPDSL
2023-08-06 08:54:18.168524 - Found JOBUPDVT.jcl (text/plain) in CBT.V505.FILE989.PDS, moved to PDS/JOBUPDVT
2023-08-06 08:54:18.209682 - Found PDSMAIN.xmi (application/xmit) in CBT.V505.FILE989.PDS
2023-08-06 08:54:18.216491   - Received RECFM=U data, stored XMIT file as CBT989/PDSMAIN.xmi
2023-08-06 08:54:18.217445 - Found RXINSTRM.txt (text/plain) in CBT.V505.FILE989.PDS, moved to PDS/RXINSTRM
2023-08-06 08:54:18.218380 - Found RXINSTRX.rexx (text/plain) in CBT.V505.FILE989.PDS, moved to PDS/RXINSTRX
2023-08-06 08:54:18.225924 - Found RXVSAMBA.xmi (application/xmit) in CBT.V505.FILE989.PDS
2023-08-06 08:54:18.232510   - Received RECFM=U data, stored XMIT file as CBT989/RXVSAMBA.xmi
2023-08-06 08:54:18.239031 - Found VTOC.xmi (application/xmit) in CBT.V505.FILE989.PDS
2023-08-06 08:54:18.244763   - Received RECFM=U data, stored XMIT file as CBT989/VTOC.xmi
2023-08-06 08:54:18.245760 - Found WFMAWD.txt (text/plain) in CBT.V505.FILE989.PDS, moved to PDS/WFMAWD
2023-08-06 08:54:18.246647 - Found WFMCNTL.rexx (text/plain) in CBT.V505.FILE989.PDS, moved to PDS/WFMCNTL
2023-08-06 08:54:18.247490 - Found WFMCTL.txt (text/plain) in CBT.V505.FILE989.PDS, moved to PDS/WFMCTL
2023-08-06 08:54:18.248321 - Found WFMCTLX1.rexx (text/plain) in CBT.V505.FILE989.PDS, moved to PDS/WFMCTLX1
2023-08-06 08:54:18.249180 - Found WFMDBA.txt (text/plain) in CBT.V505.FILE989.PDS, moved to PDS/WFMDBA
2023-08-06 08:54:18.250053 - Found WFMDBAX1.rexx (text/plain) in CBT.V505.FILE989.PDS, moved to PDS/WFMDBAX1
2023-08-06 08:54:18.250999 - Found WFMDBD.txt (text/plain) in CBT.V505.FILE989.PDS, moved to PDS/WFMDBD
2023-08-06 08:54:18.251894 - Found WFMDBDX1.rexx (text/plain) in CBT.V505.FILE989.PDS, moved to PDS/WFMDBDX1
2023-08-06 08:54:18.252807 - Found WFMDBM.txt (text/plain) in CBT.V505.FILE989.PDS, moved to PDS/WFMDBM
2023-08-06 08:54:18.253677 - Found WFMDBMX1.rexx (text/plain) in CBT.V505.FILE989.PDS, moved to PDS/WFMDBMX1
2023-08-06 08:54:18.254620 - Found WFMDBU.txt (text/plain) in CBT.V505.FILE989.PDS, moved to PDS/WFMDBU
2023-08-06 08:54:18.255495 - Found WFMDBUX1.rexx (text/plain) in CBT.V505.FILE989.PDS, moved to PDS/WFMDBUX1
2023-08-06 08:54:18.256336 - Found WFMDBX.txt (text/plain) in CBT.V505.FILE989.PDS, moved to PDS/WFMDBX
2023-08-06 08:54:18.257192 - Found WFMDBXX1.rexx (text/plain) in CBT.V505.FILE989.PDS, moved to PDS/WFMDBXX1
2023-08-06 08:54:18.258247 - Found WFMDIAGO.rexx (text/plain) in CBT.V505.FILE989.PDS, moved to PDS/WFMDIAGO
2023-08-06 08:54:18.259149 - Found WFMDIAPH.txt (text/plain) in CBT.V505.FILE989.PDS, moved to PDS/WFMDIAPH
2023-08-06 08:54:18.260092 - Found WFMDIAPI.txt (text/plain) in CBT.V505.FILE989.PDS, moved to PDS/WFMDIAPI
2023-08-06 08:54:18.261059 - Found WFMDIAPL.txt (text/plain) in CBT.V505.FILE989.PDS, moved to PDS/WFMDIAPL
2023-08-06 08:54:18.262011 - Found WFMDIAPM.txt (text/plain) in CBT.V505.FILE989.PDS, moved to PDS/WFMDIAPM
2023-08-06 08:54:18.262887 - Found WFMDIAX1.rexx (text/plain) in CBT.V505.FILE989.PDS, moved to PDS/WFMDIAX1
2023-08-06 08:54:18.263722 - Found WFMDIAX9.rexx (text/plain) in CBT.V505.FILE989.PDS, moved to PDS/WFMDIAX9
2023-08-06 08:54:18.264556 - Found WFMDOC.txt (text/plain) in CBT.V505.FILE989.PDS, moved to PDS/WFMDOC
2023-08-06 08:54:18.265486 - Found WFMDWD.txt (text/plain) in CBT.V505.FILE989.PDS, moved to PDS/WFMDWD
2023-08-06 08:54:18.266417 - Found WFMDWDX1.rexx (text/plain) in CBT.V505.FILE989.PDS, moved to PDS/WFMDWDX1
2023-08-06 08:54:18.267348 - Found WFMGNR.txt (text/plain) in CBT.V505.FILE989.PDS, moved to PDS/WFMGNR
2023-08-06 08:54:18.268375 - Found WFMLST.txt (text/plain) in CBT.V505.FILE989.PDS, moved to PDS/WFMLST
2023-08-06 08:54:18.269342 - Found WFMMDV.txt (text/plain) in CBT.V505.FILE989.PDS, moved to PDS/WFMMDV
2023-08-06 08:54:18.270307 - Found WFMMDVI1.txt (text/plain) in CBT.V505.FILE989.PDS, moved to PDS/WFMMDVI1
2023-08-06 08:54:18.271193 - Found WFMMDVI2.txt (text/plain) in CBT.V505.FILE989.PDS, moved to PDS/WFMMDVI2
2023-08-06 08:54:18.272045 - Found WFMMDVI3.txt (text/plain) in CBT.V505.FILE989.PDS, moved to PDS/WFMMDVI3
2023-08-06 08:54:18.272904 - Found WFMRUN.txt (text/plain) in CBT.V505.FILE989.PDS, moved to PDS/WFMRUN
2023-08-06 08:54:18.273823 - Found WFMRUNX1.rexx (text/plain) in CBT.V505.FILE989.PDS, moved to PDS/WFMRUNX1
2023-08-06 08:54:18.274738 - Found WFMSET.txt (text/plain) in CBT.V505.FILE989.PDS, moved to PDS/WFMSET
2023-08-06 08:54:18.275780 - Found WFMSMH.txt (text/plain) in CBT.V505.FILE989.PDS, moved to PDS/WFMSMH
2023-08-06 08:54:18.276701 - Found WFMSMHI1.txt (text/plain) in CBT.V505.FILE989.PDS, moved to PDS/WFMSMHI1
2023-08-06 08:54:18.277674 - Found WFMSMHI2.txt (text/plain) in CBT.V505.FILE989.PDS, moved to PDS/WFMSMHI2
2023-08-06 08:54:18.278532 - Found WFMSMHI3.txt (text/plain) in CBT.V505.FILE989.PDS, moved to PDS/WFMSMHI3
2023-08-06 08:54:18.279416 - Found WFMSMHI4.txt (text/plain) in CBT.V505.FILE989.PDS, moved to PDS/WFMSMHI4
2023-08-06 08:54:18.280369 - Found WFMSML.txt (text/plain) in CBT.V505.FILE989.PDS, moved to PDS/WFMSML
2023-08-06 08:54:18.281339 - Found WFMSMLI1.txt (text/plain) in CBT.V505.FILE989.PDS, moved to PDS/WFMSMLI1
2023-08-06 08:54:18.282350 - Found WFMSMLI2.txt (text/plain) in CBT.V505.FILE989.PDS, moved to PDS/WFMSMLI2
2023-08-06 08:54:18.283337 - Found WFMSMLI3.txt (text/plain) in CBT.V505.FILE989.PDS, moved to PDS/WFMSMLI3
2023-08-06 08:54:18.284236 - Found WFMSMLI4.txt (text/plain) in CBT.V505.FILE989.PDS, moved to PDS/WFMSMLI4
2023-08-06 08:54:18.285126 - Found WFMSMX.txt (text/plain) in CBT.V505.FILE989.PDS, moved to PDS/WFMSMX
2023-08-06 08:54:18.286092 - Found WFMSMXI1.txt (text/plain) in CBT.V505.FILE989.PDS, moved to PDS/WFMSMXI1
2023-08-06 08:54:18.287023 - Found WFMSTEPL.txt (text/plain) in CBT.V505.FILE989.PDS, moved to PDS/WFMSTEPL
2023-08-06 08:54:18.287980 - Found WFMUDL.txt (text/plain) in CBT.V505.FILE989.PDS, moved to PDS/WFMUDL
2023-08-06 08:54:18.288910 - Found WFMUDLX1.rexx (text/plain) in CBT.V505.FILE989.PDS, moved to PDS/WFMUDLX1
2023-08-06 08:54:18.289925 - Found WFMVPG.txt (text/plain) in CBT.V505.FILE989.PDS, moved to PDS/WFMVPG
2023-08-06 08:54:18.290878 - Found WFMVPGI1.txt (text/plain) in CBT.V505.FILE989.PDS, moved to PDS/WFMVPGI1
2023-08-06 08:54:18.291799 - Found WFMVSL.txt (text/plain) in CBT.V505.FILE989.PDS, moved to PDS/WFMVSL
2023-08-06 08:54:18.292704 - Found WFMVSLX1.rexx (text/plain) in CBT.V505.FILE989.PDS, moved to PDS/WFMVSLX1
2023-08-06 08:54:18.293687 - Found WFMVTC.txt (text/plain) in CBT.V505.FILE989.PDS, moved to PDS/WFMVTC
2023-08-06 08:54:18.294535 - Found WFMVTCI1.txt (text/plain) in CBT.V505.FILE989.PDS, moved to PDS/WFMVTCI1
2023-08-06 08:54:18.295346 - Found WFMVTCX1.rexx (text/plain) in CBT.V505.FILE989.PDS, moved to PDS/WFMVTCX1
2023-08-06 08:54:18.296178 - Found XISPTBL.rexx (text/plain) in CBT.V505.FILE989.PDS, moved to PDS/XISPTBL
